###############################################################################
#
# IAR C/C++ Compiler V2.10.4.157 for STM8                 18/Jan/2017  19:17:17
# Copyright 2010-2015 IAR Systems AB.
#
#    Source file  =  
#        E:\Github
#        Project\STM8L151K4T6_Oil_Can_Drone\STM8L15x_StdPeriph_Driver\src\stm8l15x_comp.c
#    Command line =  
#        "E:\Github
#        Project\STM8L151K4T6_Oil_Can_Drone\STM8L15x_StdPeriph_Driver\src\stm8l15x_comp.c"
#        -e -Ol --no_cse --no_unroll --no_inline --no_code_motion --no_tbaa
#        --no_cross_call --debug --code_model medium --data_model medium -o
#        "E:\Github Project\STM8L151K4T6_Oil_Can_Drone\Debug\Obj\"
#        --dlib_config "E:\My Program\IAR_STM8-7.0\stm8\LIB\dlstm8mmf.h" -D
#        STM8L15X_MD -lcN "E:\Github
#        Project\STM8L151K4T6_Oil_Can_Drone\Debug\List\" -I "E:\Github
#        Project\STM8L151K4T6_Oil_Can_Drone\" -I "E:\Github
#        Project\STM8L151K4T6_Oil_Can_Drone\STM8L15x_StdPeriph_Driver\inc\" -I
#        "E:\Github Project\STM8L151K4T6_Oil_Can_Drone\APP\" -I "E:\Github
#        Project\STM8L151K4T6_Oil_Can_Drone\BSP\" --vregs 16
#    List file    =  
#        E:\Github
#        Project\STM8L151K4T6_Oil_Can_Drone\Debug\List\stm8l15x_comp.lst
#    Object file  =  
#        E:\Github Project\STM8L151K4T6_Oil_Can_Drone\Debug\Obj\stm8l15x_comp.o
#
###############################################################################

E:\Github Project\STM8L151K4T6_Oil_Can_Drone\STM8L15x_StdPeriph_Driver\src\stm8l15x_comp.c
      1          /**
      2            ******************************************************************************
      3            * @file    stm8l15x_comp.c
      4            * @author  MCD Application Team
      5            * @version V1.4.0
      6            * @date    09/24/2010
      7            * @brief   This file provides all the COMP firmware functions.
      8            ******************************************************************************
      9            * @copy
     10            *
     11            * THE PRESENT FIRMWARE WHICH IS FOR GUIDANCE ONLY AIMS AT PROVIDING CUSTOMERS
     12            * WITH CODING INFORMATION REGARDING THEIR PRODUCTS IN ORDER FOR THEM TO SAVE
     13            * TIME. AS A RESULT, STMICROELECTRONICS SHALL NOT BE HELD LIABLE FOR ANY
     14            * DIRECT, INDIRECT OR CONSEQUENTIAL DAMAGES WITH RESPECT TO ANY CLAIMS ARISING
     15            * FROM THE CONTENT OF SUCH FIRMWARE AND/OR THE USE MADE BY CUSTOMERS OF THE
     16            * CODING INFORMATION CONTAINED HEREIN IN CONNECTION WITH THEIR PRODUCTS.
     17            *
     18            * <h2><center>&copy; COPYRIGHT 2010 STMicroelectronics</center></h2>
     19            */
     20          
     21          /* Includes ------------------------------------------------------------------*/
     22          #include "stm8l15x_comp.h"
     23          
     24          /** @addtogroup STM8L15x_StdPeriph_Driver
     25            * @{
     26            */
     27          
     28          /* Private typedef -----------------------------------------------------------*/
     29          /* Private define ------------------------------------------------------------*/
     30          /* Private macro -------------------------------------------------------------*/
     31          /* Private variables ---------------------------------------------------------*/
     32          /* Private function prototypes -----------------------------------------------*/
     33          /* Private functions ---------------------------------------------------------*/
     34          
     35          /**
     36            * @addtogroup COMP_Public_Functions
     37            * @{
     38            */
     39          
     40          /**
     41            * @brief  Deinitializes the COMPx peripheral registers to their default reset values.
     42            * @param  None.
     43            * @retval None.
     44            */
     45          void COMP_DeInit(void)
     46          {
     47            /* Set COMP->CSR1 to reset value 0x00 */
     48            COMP->CSR1 = (uint8_t) COMP_CSR1_RESET_VALUE;
     49          
     50            /* Set COMP->CSR2 to reset value 0x00 */
     51            COMP->CSR2 = (uint8_t) COMP_CSR2_RESET_VALUE;
     52          
     53            /* Set COMP->CSR3 to reset value 0xC0 */
     54            COMP->CSR3 = (uint8_t) COMP_CSR3_RESET_VALUE;
     55          
     56            /* Set COMP->CSR4 to reset value 0x00 */
     57            COMP->CSR4 = (uint8_t) COMP_CSR4_RESET_VALUE;
     58          
     59            /* Set COMP->CSR5 to reset value 0x00 */
     60            COMP->CSR5 = (uint8_t) COMP_CSR5_RESET_VALUE;
     61          }
     62          
     63          /**
     64            * @brief  Initializes the comparator inverting input, output and speed.
     65            * @note   This function configures only COMP2.
     66            * @param  COMP_InvertingInput : selects the comparator inverting input and can
     67            *         be any of the @ref COMP_InvertingInput_Typedef enumeration.
     68            * @param  COMP_OutputSelect : selects the comparator output and can be any of
     69            *         the @ref COMP_OutputSelect_Typedef enumeation.
     70            * @param  COMP_Speed selects the comparator speed and can be any of the
     71            *         @ref COMP_Speed_TypeDef enumeration.
     72            * @retval None.
     73            */
     74          void COMP_Init(COMP_InvertingInput_Typedef COMP_InvertingInput,
     75                         COMP_OutputSelect_Typedef COMP_OutputSelect, COMP_Speed_TypeDef COMP_Speed)
     76          {
     77            /* Check the parameters */
     78            assert_param(IS_COMP_INVERTING_INPUT(COMP_InvertingInput));
     79            assert_param(IS_COMP_OUTPUT(COMP_OutputSelect));
     80            assert_param(IS_COMP_SPEED(COMP_Speed));
     81          
     82            /* Reset the INSEL[2:0] bits in CSR3 register */
     83            COMP->CSR3 &= (uint8_t) (~COMP_CSR3_INSEL);
     84            /* Select the comparator inverting input */
     85            COMP->CSR3 |= (uint8_t) COMP_InvertingInput;
     86          
     87            /* Reset the OUTSEL[1:0] bits in CSR3 register */
     88            COMP->CSR3 &= (uint8_t) (~COMP_CSR3_OUTSEL);
     89            /* Redirect the comparator output */
     90            COMP->CSR3 |= (uint8_t) COMP_OutputSelect;
     91          
     92            /* Reset the comparator speed bit */
     93            COMP->CSR2 &= (uint8_t) (~COMP_CSR2_SPEED);
     94            /* Select the comparator speed */
     95            COMP->CSR2 |= (uint8_t) COMP_Speed;
     96          }
     97          
     98          /**
     99            * @brief  Enables or disables connection between VREFINT and COMP1 inverting input.
    100            * @param  NewState new state of the VREFINT connection to COMP1 inverting input.
    101            *         This parameter can be ENABLE or DISABLE.
    102            * @retval None
    103            */
    104          void COMP_VrefintToCOMP1Connect(FunctionalState NewState)
    105          {
    106            /* Check the parameters */
    107            assert_param(IS_FUNCTIONAL_STATE(NewState));
    108          
    109            if (NewState != DISABLE)
    110            {
    111              /* Enable the comparator */
    112              COMP->CSR3 |= COMP_CSR3_VREFEN;
    113            }
    114            else
    115            {
    116              /* Disable the comparator */
    117              COMP->CSR3 &= (uint8_t)(~COMP_CSR3_VREFEN);
    118            }
    119          }
    120          
    121          /**
    122            * @brief  Configures the COMP edge detection.
    123            * @param  COMP_Selection : selects the comparator and can be any of the
    124            *         @ref COMP_Selection_TypeDef enum.
    125            * @param  COMP_Edge : can be any of the @ref COMP_Edge_TypeDef enumeration
    126            * @retval None.
    127            */
    128          void COMP_EdgeConfig(COMP_Selection_TypeDef COMP_Selection, COMP_Edge_TypeDef COMP_Edge)
    129          {
    130            /* Check the parameters */
    131            assert_param(IS_COMP_ALL_PERIPH(COMP_Selection));
    132            assert_param(IS_COMP_EDGE(COMP_Edge));
    133          
    134            /* Check if comparator 1 is selected */
    135            if (COMP_Selection == COMP_Selection_COMP1)
    136            {
    137              /* Reset the comparator 1 edge control bits */
    138              COMP->CSR1 &= (uint8_t) (~COMP_CSR1_CMP1);
    139          
    140              /* Select the edge detection of comparator 1 output */
    141              COMP->CSR1 |= (uint8_t) COMP_Edge;
    142            }
    143            /* The comparator 2 is selected */
    144            else
    145            {
    146              /* Reset the comparator 2 edge control bits */
    147              COMP->CSR2 &= (uint8_t) (~COMP_CSR2_CMP2);
    148          
    149              /* Select the edge detection of comparator 2 output */
    150              COMP->CSR2 |= (uint8_t) COMP_Edge;
    151            }
    152          }
    153          
    154          /**
    155            * @brief  Returns the output level of the comparator.
    156            * @param  COMP_Selection : selects the comparator and can be any of the
    157            *         @ref COMP_Selection_TypeDef enum.
    158            * @retval Returns the comparator output level and can be any of the
    159            *         @ref COMP_OutputLevel_TypeDef enum.
    160            */
    161          COMP_OutputLevel_TypeDef COMP_GetOutputLevel(COMP_Selection_TypeDef COMP_Selection)
    162          {
    163            uint8_t compout;
    164          
    165            /* Check the parameters */
    166            assert_param(IS_COMP_ALL_PERIPH(COMP_Selection));
    167          
    168            /* Check if Comparator 1 is selected */
    169            if (COMP_Selection == COMP_Selection_COMP1)
    170            {
    171              /* Check if comparator 1 output level is high */
    172              if ((COMP->CSR1 & COMP_CSR1_CMP1OUT) != (uint8_t) RESET)
    173              {
    174                /* Get Comparator 1 output level */
    175                compout = (COMP_OutputLevel_TypeDef) COMP_OutputLevel_High;
    176              }
    177              /* comparator 1 output level is low */
    178              else
    179              {
    180                /* Get Comparator 1 output level */
    181                compout = (COMP_OutputLevel_TypeDef) COMP_OutputLevel_Low;
    182              }
    183            }
    184            /* Comparator 2 is selected */
    185            else
    186            {
    187              /* Check if comparator 2 output level is high */
    188              if ((COMP->CSR2 & COMP_CSR2_CMP2OUT) != (uint8_t) RESET)
    189              {
    190                /* Get Comparator output level */
    191                compout = (COMP_OutputLevel_TypeDef) COMP_OutputLevel_High;
    192              }
    193              /* comparator 2 output level is low */
    194              else
    195              {
    196                /* Get Comparator 2 output level */
    197                compout = (COMP_OutputLevel_TypeDef) COMP_OutputLevel_Low;
    198              }
    199            }
    200          
    201            /* Return the comparator output level */
    202            return (COMP_OutputLevel_TypeDef)(compout);
    203          }
    204          
    205          /**
    206            * @brief  Enables or disables the window mode.
    207            * @param  NewState new state of the window mode.
    208            *         This parameter can be ENABLE or DISABLE.
    209            * @retval None
    210            */
    211          void COMP_WindowCmd(FunctionalState NewState)
    212          {
    213            /* Check the parameters */
    214            assert_param(IS_FUNCTIONAL_STATE(NewState));
    215          
    216            if (NewState != DISABLE)
    217            {
    218              /* Enable the window mode */
    219              COMP->CSR3 |= (uint8_t) COMP_CSR3_WNDWE;
    220            }
    221            else
    222            {
    223              /* Disable the window mode */
    224              COMP->CSR3 &= (uint8_t)(~COMP_CSR3_WNDWE);
    225            }
    226          }
    227          
    228          /**
    229            * @brief  Enables or disables the interrupt generation when an event is detected.
    230            * @param  COMP_Selection : selects the comparator and can be any of the
    231            *         @ref COMP_Selection_TypeDef enum.
    232            * @param  NewState : new state of the COMPx peripheral.
    233            *         This parameter can be: ENABLE or DISABLE.
    234            * @retval None
    235            */
    236          void COMP_ITConfig(COMP_Selection_TypeDef COMP_Selection, FunctionalState NewState)
    237          {
    238            /* Check the parameters */
    239            assert_param(IS_COMP_ALL_PERIPH(COMP_Selection));
    240            assert_param(IS_FUNCTIONAL_STATE(NewState));
    241          
    242            /* Check if Comparator 1 is selected */
    243            if (COMP_Selection == COMP_Selection_COMP1)
    244            {
    245              if (NewState != DISABLE)
    246              {
    247                /* Enable the COMP1 Interrupt source */
    248                COMP->CSR1 |= (uint8_t) COMP_CSR1_IE1;
    249              }
    250              else
    251              {
    252                /* Disable the COMP1 Interrupt source */
    253                COMP->CSR1 &= (uint8_t)(~COMP_CSR1_IE1);
    254              }
    255            }
    256            else /* Comparator 2 is selected */
    257            {
    258              if (NewState != DISABLE)
    259              {
    260                /* Enable the COMP2 Interrupt source */
    261                COMP->CSR2 |= (uint8_t) COMP_CSR2_IE2;
    262              }
    263              else
    264              {
    265                /* Disable the COMP2 Interrupt source */
    266                COMP->CSR2 &= (uint8_t)(~COMP_CSR2_IE2);
    267              }
    268            }
    269          }
    270          
    271          /**
    272            * @brief  Enables or disables trigger on the specified input/output group.
    273            * @param  COMP_TriggerGroup : specifies the input/output group
    274            *         This parameter can be a value @ref COMP_TriggerGroup_TypeDef
    275            * @param  COMP_TriggerPin : specifies the pin(s) within the input/output group
    276            *         This parameter can be a value @ref COMP_TriggerPin_TypeDef
    277            * @param  NewState : enable or disable the trigger on the selected pin(s)
    278            *         This parameter can be: ENABLE or DISABLE.
    279            * @retval None
    280            */
    281          void COMP_TriggerConfig(COMP_TriggerGroup_TypeDef COMP_TriggerGroup,
    282                                  COMP_TriggerPin_TypeDef COMP_TriggerPin,
    283                                  FunctionalState NewState)
    284          {
    285            /* Check the parameters */
    286            assert_param(IS_COMP_TRIGGERGROUP(COMP_TriggerGroup));
    287            assert_param(IS_COMP_TRIGGERPIN(COMP_TriggerPin));
    288          
    289            switch (COMP_TriggerGroup)
    290            {
    291              case COMP_TriggerGroup_InvertingInput:
    292          
    293                if (NewState != DISABLE)
    294                {
    295                  COMP->CSR4 &= (uint8_t) ~COMP_TriggerPin;
    296                }
    297                else
    298                {
    299                  COMP->CSR4 |= (uint8_t) COMP_TriggerPin;
    300                }
    301                break;
    302          
    303              case COMP_TriggerGroup_NonInvertingInput:
    304                if (NewState != DISABLE)
    305                {
    306                  COMP->CSR4 &= (uint8_t) ~((uint8_t)(COMP_TriggerPin << 3));
    307                }
    308                else
    309                {
    310                  COMP->CSR4 |= (uint8_t) (COMP_TriggerPin << 3);
    311                }
    312                break;
    313          
    314              case COMP_TriggerGroup_VREFINTOutput:
    315                if (NewState != DISABLE)
    316                {
    317                  COMP->CSR5 &= (uint8_t) ~COMP_TriggerPin;
    318                }
    319                else
    320                {
    321                  COMP->CSR5 |= (uint8_t) COMP_TriggerPin;
    322                }
    323                break;
    324          
    325              case COMP_TriggerGroup_DACOutput:
    326                if (NewState != DISABLE)
    327                {
    328                  COMP->CSR5 &= (uint8_t) ~((uint8_t)(COMP_TriggerPin << 3));
    329                }
    330                else
    331                {
    332                  COMP->CSR5 |= (uint8_t) (COMP_TriggerPin << 3);
    333                }
    334                break;
    335          
    336              default:
    337                break;
    338            }
    339          }
    340          
    341          /**
    342            * @brief  Enables or disables the output of the internal reference voltage.
    343            * @param  NewState : new state of the Vrefint output.
    344            *         This parameter can be: ENABLE or DISABLE.
    345            * @retval None
    346            */
    347          void COMP_VrefintOutputCmd(FunctionalState NewState)
    348          {
    349            /* Check the parameters */
    350            assert_param(IS_FUNCTIONAL_STATE(NewState));
    351          
    352            if (NewState != DISABLE)
    353            {
    354              /* Enable the output of internal reference voltage */
    355              COMP->CSR3 |= (uint8_t) COMP_CSR3_VREFOUTEN;
    356            }
    357            else
    358            {
    359              /* Disable the output of internal reference voltage */
    360              COMP->CSR3 &= (uint8_t) (~COMP_CSR3_VREFOUTEN);
    361            }
    362          }
    363          
    364          /**
    365            * @brief  Enables or disables the schmitt trigger.
    366            * @param  NewState : new state of the schmitt trigger.
    367            *         This parameter can be: ENABLE or DISABLE.
    368            * @retval None
    369            */
    370          void COMP_SchmittTriggerCmd(FunctionalState NewState)
    371          {
    372            /* Check the parameters */
    373            assert_param(IS_FUNCTIONAL_STATE(NewState));
    374          
    375            if (NewState != DISABLE)
    376            {
    377              /* Enable Schmitt trigger on Input Output switches Channels */
    378              COMP->CSR1 |= (uint8_t) COMP_CSR1_STE;
    379            }
    380            else
    381            {
    382              /* Enable Schmitt trigger on Input Output switches Channels */
    383              COMP->CSR1 &= (uint8_t) (~COMP_CSR1_STE);
    384            }
    385          }
    386          
    387          /**
    388            * @brief  Checks whether the comparator flag is set or not.
    389            * @param  COMP_Selection : selects the comparator and can be any of the
    390            *         @ref COMP_Selection_TypeDef enum.
    391            * @retval The new state of COMPx event flag (SET or RESET).
    392            */
    393          FlagStatus COMP_GetFlagStatus(COMP_Selection_TypeDef COMP_Selection)
    394          {
    395            FlagStatus bitstatus = RESET;
    396          
    397            /* Check the parameters */
    398            assert_param(IS_COMP_ALL_PERIPH(COMP_Selection));
    399          
    400            /* Check if COMP1 is selected */
    401            if (COMP_Selection == COMP_Selection_COMP1)
    402            {
    403              if ((COMP->CSR1 & COMP_CSR1_EF1) != (uint8_t) RESET)
    404              {
    405                /* The comparator 1 event flag is set */
    406                bitstatus = SET;
    407              }
    408              else
    409              {
    410                /* The comparator 1 event flag is reset */
    411                bitstatus = RESET;
    412              }
    413            }
    414            else   /* COMP2 is selected */
    415            {
    416              if ((COMP->CSR2 & COMP_CSR2_EF2) != (uint8_t) RESET)
    417              {
    418                /* The comparator 2 event flag is set */
    419                bitstatus = SET;
    420              }
    421              else
    422              {
    423                /* The comparator 2 event flag is reset */
    424                bitstatus = RESET;
    425              }
    426            }
    427          
    428            /* return the comparator event flag status */
    429            return (FlagStatus)(bitstatus);
    430          }
    431          
    432          /**
    433            * @brief  Clears the comparator’s pending flag.
    434            * @param  COMP_Selection : selects the comparator and can be any of the
    435            *         @ref COMP_Selection_TypeDef enum.
    436            * @retval None.
    437            */
    438          void COMP_ClearFlag(COMP_Selection_TypeDef COMP_Selection)
    439          {
    440            /* Check the parameters */
    441            assert_param(IS_COMP_ALL_PERIPH(COMP_Selection));
    442          
    443            if (COMP_Selection == COMP_Selection_COMP1)
    444            {
    445              /* Clear the flag EF1 (rc_w0) clear this bit by writing 0. */
    446              COMP->CSR1 &= (uint8_t) (~COMP_CSR1_EF1);
    447            }
    448            else
    449            {
    450              /* Clear the flag EF2 (rc_w0) clear this bit by writing 0. */
    451              COMP->CSR2 &= (uint8_t) (~COMP_CSR2_EF2);
    452            }
    453          }
    454          
    455          /**
    456            * @brief  Checks whether the comparator interrupt has occurred or not.
    457            * @param  COMP_Selection : selects the comparator and can be any of the
    458            *         @ref COMP_Selection_TypeDef enum.
    459            * @retval ITStatus : The state of the COMPx event flag (SET or RESET).
    460            */
    461          ITStatus COMP_GetITStatus(COMP_Selection_TypeDef COMP_Selection)
    462          {
    463            ITStatus bitstatus = RESET;
    464            uint8_t itstatus = 0x00, itenable = 0x00;
    465          
    466            /* Check the parameters */
    467            assert_param(IS_COMP_ALL_PERIPH(COMP_Selection));
    468          
    469            if (COMP_Selection == COMP_Selection_COMP1)
    470            {
    471              /* Get the EF1 comparator event falg status */
    472              itstatus = (uint8_t) (COMP->CSR1 & COMP_CSR1_EF1);
    473          
    474              /* Get the IE1 interrupt enable bit status */
    475              itenable = (uint8_t) (COMP->CSR1 & COMP_CSR1_IE1);
    476          
    477              if ((itstatus != (uint8_t) RESET) && (itenable != (uint8_t) RESET))
    478              {
    479                /* the EF1 and IE1 are set */
    480                bitstatus = SET;
    481              }
    482              else
    483              {
    484                /* the EF1 or IE1 is reset */
    485                bitstatus = RESET;
    486              }
    487            }
    488            else
    489            {
    490              /* Get the EF2 comparator event falg value */
    491              itstatus = (uint8_t) (COMP->CSR2 & COMP_CSR2_EF2);
    492          
    493              /* Get the IE2 interrupt enable bit value */
    494              itenable = (uint8_t) (COMP->CSR2 & COMP_CSR2_IE2);
    495          
    496              if ((itstatus != (uint8_t)RESET) && (itenable != (uint8_t)RESET))
    497              {
    498                /* The EF2 and IE2 are set */
    499                bitstatus = SET;
    500              }
    501              else
    502              {
    503                /* The EF2 or IE2 is reset */
    504                bitstatus = RESET;
    505              }
    506            }
    507          
    508            /* Return the COMP interrupt status */
    509            return (ITStatus) bitstatus;
    510          }
    511          
    512          /**
    513            * @brief  Clears the interrupt pending bits of the comparator.
    514            * @param  COMP_Selection : selects the comparator and can be any of the
    515            *         @ref COMP_Selection_TypeDef enum.
    516            * @retval None
    517            */
    518          void COMP_ClearITPendingBit(COMP_Selection_TypeDef COMP_Selection)
    519          {
    520            /* Check the parameters */
    521            assert_param(IS_COMP_ALL_PERIPH(COMP_Selection));
    522          
    523            if (COMP_Selection == COMP_Selection_COMP1)
    524            {
    525              /* Clear the flag EF1 (rc_w0) clear this bit by writing 0. */
    526              COMP->CSR1 &= (uint8_t) (~COMP_CSR1_EF1);
    527            }
    528            else
    529            {
    530              /* Clear the flag EF2 (rc_w0) clear this bit by writing 0. */
    531              COMP->CSR2 &= (uint8_t) (~COMP_CSR2_EF2);
    532            }
    533          }
    534          
    535          /**
    536            * @}
    537            */
    538          
    539          /**
    540            * @}
    541            */
    542          
    543          /******************* (C) COPYRIGHT 2010 STMicroelectronics *****END OF FILE****/

   Section sizes:

   Bytes  Function/Label
   -----  --------------
      14  COMP_ClearFlag
      14  COMP_ClearITPendingBit
      21  COMP_DeInit
      38  COMP_EdgeConfig
      37  COMP_GetFlagStatus
      75  COMP_GetITStatus
      24  COMP_GetOutputLevel
      32  COMP_ITConfig
      47  COMP_Init
      13  COMP_SchmittTriggerCmd
     119  COMP_TriggerConfig
      13  COMP_VrefintOutputCmd
      13  COMP_VrefintToCOMP1Connect
      13  COMP_WindowCmd

 
 473 bytes in section .far_func.text
 
 473 bytes of CODE memory

Errors: none
Warnings: none
